Arguments: 
  D:\node\node.exe C:\Users\lenovo\AppData\Roaming\npm\node_modules\yarn\bin\yarn.js add .

PATH: 
  C:\Program Files (x86)\Intel\iCLS Client\;C:\Program Files\Intel\iCLS Client\;C:\Program Files (x86)\Lenovo\FusionEngine;C:\Windows\system32;C:\Windows;C:\Windows\System32\Wbem;C:\Windows\System32\WindowsPowerShell\v1.0\;C:\Program Files (x86)\NVIDIA Corporation\PhysX\Common;C:\Program Files (x86)\Intel\Intel(R) Management Engine Components\DAL;C:\Program Files\Intel\Intel(R) Management Engine Components\DAL;C:\Program Files (x86)\Intel\Intel(R) Management Engine Components\IPT;C:\Program Files\Intel\Intel(R) Management Engine Components\IPT;C:\Program Files\Intel\WiFi\bin\;C:\Program Files\Common Files\Intel\WirelessCommon\;C:\WINDOWS\system32;C:\WINDOWS;C:\WINDOWS\System32\Wbem;C:\WINDOWS\System32\WindowsPowerShell\v1.0\;D:\Program Files\Git\cmd;D:\Program Files\TortoiseGit\bin;D:\Program Files\TortoiseSVN\bin;D:\node\;D:\software\OpenSSH\bin;C:\WINDOWS\System32\OpenSSH\;d:\Ruby23-x64\bin;C:\Users\lenovo\AppData\Local\Microsoft\WindowsApps;;d:\Program Files (x86)\Microsoft VS Code\bin;C:\Users\lenovo\AppData\Roaming\npm

Yarn version: 
  1.5.1

Node version: 
  8.9.3

Platform: 
  win32 x64

npm manifest: 
  No manifest

yarn manifest: 
  No manifest

Lockfile: 
  No lockfile

Trace: 
  Error: Received malformed response from registry for undefined. The registry may be down.
      at new MessageError (C:\Users\lenovo\AppData\Roaming\npm\node_modules\yarn\lib\cli.js:186:110)
      at Function.<anonymous> (C:\Users\lenovo\AppData\Roaming\npm\node_modules\yarn\lib\cli.js:51419:15)
      at Generator.next (<anonymous>)
      at step (C:\Users\lenovo\AppData\Roaming\npm\node_modules\yarn\lib\cli.js:98:30)
      at C:\Users\lenovo\AppData\Roaming\npm\node_modules\yarn\lib\cli.js:116:14
      at new Promise (<anonymous>)
      at new F (C:\Users\lenovo\AppData\Roaming\npm\node_modules\yarn\lib\cli.js:23451:28)
      at Function.<anonymous> (C:\Users\lenovo\AppData\Roaming\npm\node_modules\yarn\lib\cli.js:95:12)
      at Function.findVersionInRegistryResponse (C:\Users\lenovo\AppData\Roaming\npm\node_modules\yarn\lib\cli.js:51461:19)
      at NpmResolver.<anonymous> (C:\Users\lenovo\AppData\Roaming\npm\node_modules\yarn\lib\cli.js:51479:28)
